#
# There is insufficient memory for the Java Runtime Environment to continue.
# Native memory allocation (malloc) failed to allocate 714496 bytes for Chunk::new
# Possible reasons:
#   The system is out of physical RAM or swap space
#   In 32 bit mode, the process size limit was hit
# Possible solutions:
#   Reduce memory load on the system
#   Increase physical memory or swap space
#   Check if swap backing store is full
#   Use 64 bit Java on a 64 bit OS
#   Decrease Java heap size (-Xmx/-Xms)
#   Decrease number of Java threads
#   Decrease Java thread stack sizes (-Xss)
#   Set larger code cache with -XX:ReservedCodeCacheSize=
# This output file may be truncated or incomplete.
#
#  Out of Memory Error (allocation.cpp:390), pid=18420, tid=0x0000000000001e70
#
# JRE version: Java(TM) SE Runtime Environment (8.0_92-b14) (build 1.8.0_92-b14)
# Java VM: Java HotSpot(TM) 64-Bit Server VM (25.92-b14 mixed mode windows-amd64 compressed oops)
# Failed to write core dump. Minidumps are not enabled by default on client versions of Windows
#

---------------  T H R E A D  ---------------

Current thread (0x0000000018233800):  JavaThread "C2 CompilerThread0" daemon [_thread_in_native, id=7792, stack(0x0000000019860000,0x0000000019960000)]

Stack: [0x0000000019860000,0x0000000019960000]
[error occurred during error reporting (printing stack bounds), id 0xc0000005]

Native frames: (J=compiled Java code, j=interpreted, Vv=VM code, C=native code)


Current CompileTask:
C2:  74723 3998       4       org.springframework.boot.bind.RelaxedNames$Manipulation::separatedToCamelCase (147 bytes)


---------------  P R O C E S S  ---------------

Java Threads: ( => current thread )
  0x000000002088f800 JavaThread "background-preinit" [_thread_in_native, id=12868, stack(0x0000000022b50000,0x0000000022c50000)]
  0x000000001a79f800 JavaThread "restartedMain" [_thread_in_native, id=15824, stack(0x0000000022a50000,0x0000000022b50000)]
  0x000000001f85f800 JavaThread "Thread-1" [_thread_blocked, id=18576, stack(0x0000000022750000,0x0000000022850000)]
  0x000000001bbed000 JavaThread "Keep-Alive-Timer" daemon [_thread_blocked, id=18924, stack(0x0000000022650000,0x0000000022750000)]
  0x0000000000dd3800 JavaThread "DestroyJavaVM" [_thread_blocked, id=16120, stack(0x0000000000cd0000,0x0000000000dd0000)]
  0x000000001dfe1800 JavaThread "pool-1-thread-1" [_thread_blocked, id=14216, stack(0x0000000021e50000,0x0000000021f50000)]
  0x0000000019b90800 JavaThread "Service Thread" daemon [_thread_blocked, id=13188, stack(0x0000000019f60000,0x000000001a060000)]
  0x000000001823f000 JavaThread "C1 CompilerThread2" daemon [_thread_blocked, id=16696, stack(0x0000000019a60000,0x0000000019b60000)]
  0x0000000018238800 JavaThread "C2 CompilerThread1" daemon [_thread_in_native, id=6388, stack(0x0000000019960000,0x0000000019a60000)]
=>0x0000000018233800 JavaThread "C2 CompilerThread0" daemon [_thread_in_native, id=7792, stack(0x0000000019860000,0x0000000019960000)]
  0x0000000018232000 JavaThread "Attach Listener" daemon [_thread_blocked, id=8400, stack(0x0000000019760000,0x0000000019860000)]
  0x0000000018231000 JavaThread "Signal Dispatcher" daemon [_thread_blocked, id=14984, stack(0x0000000019660000,0x0000000019760000)]
  0x0000000000ece800 JavaThread "Finalizer" daemon [_thread_blocked, id=17320, stack(0x0000000019480000,0x0000000019580000)]
  0x0000000000ec3000 JavaThread "Reference Handler" daemon [_thread_blocked, id=13676, stack(0x0000000019380000,0x0000000019480000)]

Other Threads:
  0x00000000181f7800 VMThread [stack: 0x0000000019280000,0x0000000019380000] [id=8336]
  0x000000001828e800 WatcherThread [stack: 0x000000001a060000,0x000000001a160000] [id=16420]

VM state:not at safepoint (normal execution)

VM Mutex/Monitor currently owned by a thread: None

Heap:
 PSYoungGen      total 223232K, used 22416K [0x000000078af80000, 0x000000079e500000, 0x00000007c0000000)
  eden space 207872K, 10% used [0x000000078af80000,0x000000078c564078,0x0000000797a80000)
  from space 15360K, 0% used [0x0000000797a80000,0x0000000797a80000,0x0000000798980000)
  to   space 16896K, 0% used [0x000000079d480000,0x000000079d480000,0x000000079e500000)
 ParOldGen       total 103936K, used 20933K [0x0000000720e00000, 0x0000000727380000, 0x000000078af80000)
  object space 103936K, 20% used [0x0000000720e00000,0x0000000722271620,0x0000000727380000)
 Metaspace       used 35158K, capacity 35528K, committed 36008K, reserved 1081344K
  class space    used 4236K, capacity 4337K, committed 4352K, reserved 1048576K

Card table byte_map: [0x0000000001290000,0x0000000001790000] byte_map_base: 0xfffffffffd989000

Marking Bits: (ParMarkBitMap*) 0x000000005a2364f0
 Begin Bits: [0x0000000012400000, 0x0000000014bc8000)
 End Bits:   [0x0000000014bc8000, 0x0000000017390000)

Polling page: 0x0000000000920000

CodeCache: size=245760Kb used=13535Kb max_used=15623Kb free=232225Kb
 bounds [0x0000000003400000, 0x0000000004360000, 0x0000000012400000]
 total_blobs=4122 nmethods=3454 adapters=579
 compilation: enabled

Compilation events (10 events):
Event: 74.648 Thread 0x000000001823f000 4032       3       org.springframework.core.env.AbstractPropertyResolver::doResolvePlaceholders (14 bytes)
Event: 74.649 Thread 0x000000001823f000 nmethod 4032 0x00000000036bac50 code [0x00000000036bae40, 0x00000000036bb738]
Event: 74.649 Thread 0x000000001823f000 4030       3       org.springframework.core.AttributeAccessorSupport::setAttribute (32 bytes)
Event: 74.649 Thread 0x000000001823f000 nmethod 4030 0x0000000003b926d0 code [0x0000000003b92880, 0x0000000003b92d08]
Event: 74.649 Thread 0x000000001823f000 4035       3       org.springframework.beans.PropertyValue::<init> (90 bytes)
Event: 74.649 Thread 0x000000001823f000 nmethod 4035 0x0000000004257e10 code [0x0000000004258000, 0x0000000004258968]
Event: 74.649 Thread 0x000000001823f000 4034       3       org.springframework.core.env.AbstractPropertyResolver::resolveNestedPlaceholders (21 bytes)
Event: 74.650 Thread 0x000000001823f000 nmethod 4034 0x0000000003625850 code [0x0000000003625b20, 0x00000000036271b8]
Event: 74.652 Thread 0x0000000018238800 nmethod 3999 0x0000000003a53590 code [0x0000000003a53840, 0x0000000003a55c38]
Event: 74.652 Thread 0x0000000018238800 4019   !   4       java.lang.ClassLoader::loadClass (122 bytes)

GC Heap History (10 events):
Event: 11.242 GC heap before
{Heap before GC invocations=8 (full 1):
 PSYoungGen      total 142336K, used 141943K [0x000000078af80000, 0x0000000796500000, 0x00000007c0000000)
  eden space 133120K, 100% used [0x000000078af80000,0x0000000793180000,0x0000000793180000)
  from space 9216K, 95% used [0x0000000795c00000,0x000000079649df90,0x0000000796500000)
  to   space 12800K, 0% used [0x0000000794c00000,0x0000000794c00000,0x0000000795880000)
 ParOldGen       total 72704K, used 11822K [0x0000000720e00000, 0x0000000725500000, 0x000000078af80000)
  object space 72704K, 16% used [0x0000000720e00000,0x000000072198b928,0x0000000725500000)
 Metaspace       used 34487K, capacity 34870K, committed 35328K, reserved 1081344K
  class space    used 4159K, capacity 4269K, committed 4352K, reserved 1048576K
Event: 11.262 GC heap after
Heap after GC invocations=8 (full 1):
 PSYoungGen      total 173056K, used 12797K [0x000000078af80000, 0x0000000799880000, 0x00000007c0000000)
  eden space 160256K, 0% used [0x000000078af80000,0x000000078af80000,0x0000000794c00000)
  from space 12800K, 99% used [0x0000000794c00000,0x000000079587f7e8,0x0000000795880000)
  to   space 15360K, 0% used [0x0000000798980000,0x0000000798980000,0x0000000799880000)
 ParOldGen       total 72704K, used 14386K [0x0000000720e00000, 0x0000000725500000, 0x000000078af80000)
  object space 72704K, 19% used [0x0000000720e00000,0x0000000721c0c8c8,0x0000000725500000)
 Metaspace       used 34487K, capacity 34870K, committed 35328K, reserved 1081344K
  class space    used 4159K, capacity 4269K, committed 4352K, reserved 1048576K
}
Event: 14.327 GC heap before
{Heap before GC invocations=9 (full 1):
 PSYoungGen      total 173056K, used 18260K [0x000000078af80000, 0x0000000799880000, 0x00000007c0000000)
  eden space 160256K, 3% used [0x000000078af80000,0x000000078b4d5a88,0x0000000794c00000)
  from space 12800K, 99% used [0x0000000794c00000,0x000000079587f7e8,0x0000000795880000)
  to   space 15360K, 0% used [0x0000000798980000,0x0000000798980000,0x0000000799880000)
 ParOldGen       total 72704K, used 14386K [0x0000000720e00000, 0x0000000725500000, 0x000000078af80000)
  object space 72704K, 19% used [0x0000000720e00000,0x0000000721c0c8c8,0x0000000725500000)
 Metaspace       used 34800K, capacity 35158K, committed 35496K, reserved 1081344K
  class space    used 4193K, capacity 4301K, committed 4352K, reserved 1048576K
Event: 14.343 GC heap after
Heap after GC invocations=9 (full 1):
 PSYoungGen      total 223232K, used 12106K [0x000000078af80000, 0x000000079ba00000, 0x00000007c0000000)
  eden space 207872K, 0% used [0x000000078af80000,0x000000078af80000,0x0000000797a80000)
  from space 15360K, 78% used [0x0000000798980000,0x0000000799552940,0x0000000799880000)
  to   space 15360K, 0% used [0x0000000797a80000,0x0000000797a80000,0x0000000798980000)
 ParOldGen       total 72704K, used 14394K [0x0000000720e00000, 0x0000000725500000, 0x000000078af80000)
  object space 72704K, 19% used [0x0000000720e00000,0x0000000721c0e8c8,0x0000000725500000)
 Metaspace       used 34800K, capacity 35158K, committed 35496K, reserved 1081344K
  class space    used 4193K, capacity 4301K, committed 4352K, reserved 1048576K
}
Event: 14.343 GC heap before
{Heap before GC invocations=10 (full 2):
 PSYoungGen      total 223232K, used 12106K [0x000000078af80000, 0x000000079ba00000, 0x00000007c0000000)
  eden space 207872K, 0% used [0x000000078af80000,0x000000078af80000,0x0000000797a80000)
  from space 15360K, 78% used [0x0000000798980000,0x0000000799552940,0x0000000799880000)
  to   space 15360K, 0% used [0x0000000797a80000,0x0000000797a80000,0x0000000798980000)
 ParOldGen       total 72704K, used 14394K [0x0000000720e00000, 0x0000000725500000, 0x000000078af80000)
  object space 72704K, 19% used [0x0000000720e00000,0x0000000721c0e8c8,0x0000000725500000)
 Metaspace       used 34800K, capacity 35158K, committed 35496K, reserved 1081344K
  class space    used 4193K, capacity 4301K, committed 4352K, reserved 1048576K
Event: 14.410 GC heap after
Heap after GC invocations=10 (full 2):
 PSYoungGen      total 223232K, used 0K [0x000000078af80000, 0x000000079ba00000, 0x00000007c0000000)
  eden space 207872K, 0% used [0x000000078af80000,0x000000078af80000,0x0000000797a80000)
  from space 15360K, 0% used [0x0000000798980000,0x0000000798980000,0x0000000799880000)
  to   space 15360K, 0% used [0x0000000797a80000,0x0000000797a80000,0x0000000798980000)
 ParOldGen       total 103936K, used 20957K [0x0000000720e00000, 0x0000000727380000, 0x000000078af80000)
  object space 103936K, 20% used [0x0000000720e00000,0x00000007222774a8,0x0000000727380000)
 Metaspace       used 34800K, capacity 35158K, committed 35496K, reserved 1081344K
  class space    used 4193K, capacity 4301K, committed 4352K, reserved 1048576K
}
Event: 74.040 GC heap before
{Heap before GC invocations=11 (full 2):
 PSYoungGen      total 223232K, used 20862K [0x000000078af80000, 0x000000079ba00000, 0x00000007c0000000)
  eden space 207872K, 10% used [0x000000078af80000,0x000000078c3df940,0x0000000797a80000)
  from space 15360K, 0% used [0x0000000798980000,0x0000000798980000,0x0000000799880000)
  to   space 15360K, 0% used [0x0000000797a80000,0x0000000797a80000,0x0000000798980000)
 ParOldGen       total 103936K, used 20957K [0x0000000720e00000, 0x0000000727380000, 0x000000078af80000)
  object space 103936K, 20% used [0x0000000720e00000,0x00000007222774a8,0x0000000727380000)
 Metaspace       used 35116K, capacity 35458K, committed 35752K, reserved 1081344K
  class space    used 4235K, capacity 4335K, committed 4352K, reserved 1048576K
Event: 74.075 GC heap after
Heap after GC invocations=11 (full 2):
 PSYoungGen      total 223232K, used 544K [0x000000078af80000, 0x000000079e500000, 0x00000007c0000000)
  eden space 207872K, 0% used [0x000000078af80000,0x000000078af80000,0x0000000797a80000)
  from space 15360K, 3% used [0x0000000797a80000,0x0000000797b083b8,0x0000000798980000)
  to   space 16896K, 0% used [0x000000079d480000,0x000000079d480000,0x000000079e500000)
 ParOldGen       total 103936K, used 20965K [0x0000000720e00000, 0x0000000727380000, 0x000000078af80000)
  object space 103936K, 20% used [0x0000000720e00000,0x00000007222794a8,0x0000000727380000)
 Metaspace       used 35116K, capacity 35458K, committed 35752K, reserved 1081344K
  class space    used 4235K, capacity 4335K, committed 4352K, reserved 1048576K
}
Event: 74.075 GC heap before
{Heap before GC invocations=12 (full 3):
 PSYoungGen      total 223232K, used 544K [0x000000078af80000, 0x000000079e500000, 0x00000007c0000000)
  eden space 207872K, 0% used [0x000000078af80000,0x000000078af80000,0x0000000797a80000)
  from space 15360K, 3% used [0x0000000797a80000,0x0000000797b083b8,0x0000000798980000)
  to   space 16896K, 0% used [0x000000079d480000,0x000000079d480000,0x000000079e500000)
 ParOldGen       total 103936K, used 20965K [0x0000000720e00000, 0x0000000727380000, 0x000000078af80000)
  object space 103936K, 20% used [0x0000000720e00000,0x00000007222794a8,0x0000000727380000)
 Metaspace       used 35116K, capacity 35458K, committed 35752K, reserved 1081344K
  class space    used 4235K, capacity 4335K, committed 4352K, reserved 1048576K
Event: 74.355 GC heap after
Heap after GC invocations=12 (full 3):
 PSYoungGen      total 223232K, used 0K [0x000000078af80000, 0x000000079e500000, 0x00000007c0000000)
  eden space 207872K, 0% used [0x000000078af80000,0x000000078af80000,0x0000000797a80000)
  from space 15360K, 0% used [0x0000000797a80000,0x0000000797a80000,0x0000000798980000)
  to   space 16896K, 0% used [0x000000079d480000,0x000000079d480000,0x000000079e500000)
 ParOldGen       total 103936K, used 20933K [0x0000000720e00000, 0x0000000727380000, 0x000000078af80000)
  object space 103936K, 20% used [0x0000000720e00000,0x0000000722271620,0x0000000727380000)
 Metaspace       used 35116K, capacity 35458K, committed 35752K, reserved 1081344K
  class space    used 4235K, capacity 4335K, committed 4352K, reserved 1048576K
}

Deoptimization events (10 events):
Event: 11.177 Thread 0x000000001dfe1800 Uncommon trap: reason=unstable_if action=reinterpret pc=0x000000000362b17c method=java.net.URI.match(CJJ)Z @ 45
Event: 11.178 Thread 0x000000001dfe1800 Uncommon trap: reason=bimorphic action=maybe_recompile pc=0x0000000003e4aa08 method=java.net.URL.<init>(Ljava/net/URL;Ljava/lang/String;Ljava/net/URLStreamHandler;)V @ 504
Event: 11.178 Thread 0x000000001dfe1800 Uncommon trap: reason=unstable_if action=reinterpret pc=0x0000000003a9253c method=java.net.URLStreamHandler.parseURL(Ljava/net/URL;Ljava/lang/String;II)V @ 155
Event: 14.410 Thread 0x0000000000ec3000 Uncommon trap: reason=unstable_if action=reinterpret pc=0x000000000433ebf8 method=java.lang.ref.Reference.tryHandlePending(Z)Z @ 20
Event: 14.425 Thread 0x000000001dfe1800 Uncommon trap: reason=null_check action=make_not_entrant pc=0x00000000040b3cec method=java.lang.Class.createAnnotationData(I)Ljava/lang/Class$AnnotationData; @ 14
Event: 21.128 Thread 0x000000001dfe1800 Uncommon trap: reason=bimorphic action=maybe_recompile pc=0x0000000003e4aa08 method=java.net.URL.<init>(Ljava/net/URL;Ljava/lang/String;Ljava/net/URLStreamHandler;)V @ 504
Event: 31.098 Thread 0x000000001dfe1800 Uncommon trap: reason=bimorphic action=maybe_recompile pc=0x0000000003e4aa08 method=java.net.URL.<init>(Ljava/net/URL;Ljava/lang/String;Ljava/net/URLStreamHandler;)V @ 504
Event: 41.110 Thread 0x000000001dfe1800 Uncommon trap: reason=bimorphic action=maybe_recompile pc=0x0000000003e4aa08 method=java.net.URL.<init>(Ljava/net/URL;Ljava/lang/String;Ljava/net/URLStreamHandler;)V @ 504
Event: 74.502 Thread 0x000000001a79f800 Uncommon trap: reason=bimorphic action=maybe_recompile pc=0x000000000433bea0 method=java.util.TreeMap.getEntryUsingComparator(Ljava/lang/Object;)Ljava/util/TreeMap$Entry; @ 29
Event: 74.617 Thread 0x000000001a79f800 Uncommon trap: reason=unstable_if action=reinterpret pc=0x0000000003a775ec method=org.springframework.util.ObjectUtils.isEmpty(Ljava/lang/Object;)Z @ 13

Internal exceptions (10 events):
Event: 4.946 Thread 0x000000001ce71800 Exception <a 'java/lang/InterruptedException': sleep interrupted> (0x00000007927209d8) thrown at [D:\re\workspace\8-2-build-windows-amd64-cygwin\jdk8u92\6642\hotspot\src\share\vm\prims\jvm.cpp, line 3215]
Event: 4.951 Thread 0x000000001a575000 Exception <a 'java/lang/reflect/InvocationTargetException'> (0x0000000792835ea0) thrown at [D:\re\workspace\8-2-build-windows-amd64-cygwin\jdk8u92\6642\hotspot\src\share\vm\runtime\reflection.cpp, line 1092]
Event: 14.430 Thread 0x000000001dfe1800 Exception <a 'java/lang/reflect/InvocationTargetException'> (0x000000078b1ce1b0) thrown at [D:\re\workspace\8-2-build-windows-amd64-cygwin\jdk8u92\6642\hotspot\src\share\vm\runtime\reflection.cpp, line 1092]
Event: 21.831 Thread 0x000000001dfe1800 Exception <a 'java/lang/reflect/InvocationTargetException'> (0x000000078b459a38) thrown at [D:\re\workspace\8-2-build-windows-amd64-cygwin\jdk8u92\6642\hotspot\src\share\vm\runtime\reflection.cpp, line 1092]
Event: 31.230 Thread 0x000000001dfe1800 Exception <a 'java/lang/reflect/InvocationTargetException'> (0x000000078b6a9490) thrown at [D:\re\workspace\8-2-build-windows-amd64-cygwin\jdk8u92\6642\hotspot\src\share\vm\runtime\reflection.cpp, line 1092]
Event: 41.245 Thread 0x000000001dfe1800 Exception <a 'java/lang/reflect/InvocationTargetException'> (0x000000078b84b648) thrown at [D:\re\workspace\8-2-build-windows-amd64-cygwin\jdk8u92\6642\hotspot\src\share\vm\runtime\reflection.cpp, line 1092]
Event: 51.240 Thread 0x000000001dfe1800 Exception <a 'java/lang/reflect/InvocationTargetException'> (0x000000078ba99198) thrown at [D:\re\workspace\8-2-build-windows-amd64-cygwin\jdk8u92\6642\hotspot\src\share\vm\runtime\reflection.cpp, line 1092]
Event: 61.292 Thread 0x000000001dfe1800 Exception <a 'java/lang/reflect/InvocationTargetException'> (0x000000078bd95a18) thrown at [D:\re\workspace\8-2-build-windows-amd64-cygwin\jdk8u92\6642\hotspot\src\share\vm\runtime\reflection.cpp, line 1092]
Event: 71.414 Thread 0x000000001dfe1800 Exception <a 'java/lang/reflect/InvocationTargetException'> (0x000000078bfe6030) thrown at [D:\re\workspace\8-2-build-windows-amd64-cygwin\jdk8u92\6642\hotspot\src\share\vm\runtime\reflection.cpp, line 1092]
Event: 74.456 Thread 0x000000001a79f800 Exception <a 'java/io/FileNotFoundException'> (0x000000078b24b9d0) thrown at [D:\re\workspace\8-2-build-windows-amd64-cygwin\jdk8u92\6642\hotspot\src\share\vm\prims\jni.cpp, line 709]

Events (10 events):
Event: 74.613 Thread 0x000000001823f000 flushing nmethod 0x0000000003fbdb10
Event: 74.616 Thread 0x000000001823f000 flushing nmethod 0x00000000040a2ad0
Event: 74.617 loading class javax/inject/Named
Event: 74.617 loading class javax/inject/Named done
Event: 74.617 loading class javax/inject$Named
Event: 74.617 loading class javax/inject$Named done
Event: 74.617 Thread 0x000000001a79f800 Uncommon trap: trap_request=0xffffff65 fr.pc=0x0000000003a775ec
Event: 74.617 Thread 0x000000001a79f800 DEOPT PACKING pc=0x0000000003a775ec sp=0x0000000022b4dcf0
Event: 74.617 Thread 0x000000001a79f800 DEOPT UNPACKING pc=0x000000000344582a sp=0x0000000022b4dc98 mode 2
Event: 74.618 Thread 0x000000001823f000 flushing nmethod 0x0000000004257e10


Dynamic libraries:
0x00007ff654270000 - 0x00007ff6542a7000 	C:\Program Files\Java\jdk1.8.0_92\bin\java.exe
0x00007ffcb25c0000 - 0x00007ffcb2781000 	C:\WINDOWS\SYSTEM32\ntdll.dll
0x00007ffcb0070000 - 0x00007ffcb011d000 	C:\WINDOWS\system32\KERNEL32.DLL
0x00007ffcaed80000 - 0x00007ffcaef68000 	C:\WINDOWS\system32\KERNELBASE.dll
0x00007ffcb24b0000 - 0x00007ffcb2557000 	C:\WINDOWS\system32\ADVAPI32.dll
0x00007ffcb2120000 - 0x00007ffcb21bd000 	C:\WINDOWS\system32\msvcrt.dll
0x00007ffcaff90000 - 0x00007ffcaffeb000 	C:\WINDOWS\system32\sechost.dll
0x00007ffcb1c20000 - 0x00007ffcb1d3c000 	C:\WINDOWS\system32\RPCRT4.dll
0x00007ffcb01d0000 - 0x00007ffcb0326000 	C:\WINDOWS\system32\USER32.dll
0x00007ffcb1f90000 - 0x00007ffcb2116000 	C:\WINDOWS\system32\GDI32.dll
0x00007ffcac1d0000 - 0x00007ffcac444000 	C:\WINDOWS\WinSxS\amd64_microsoft.windows.common-controls_6595b64144ccf1df_6.0.10586.0_none_8c15ae12515e1c22\COMCTL32.dll
0x00007ffcb21c0000 - 0x00007ffcb243d000 	C:\WINDOWS\system32\combase.dll
0x00007ffcaf300000 - 0x00007ffcaf36a000 	C:\WINDOWS\system32\bcryptPrimitives.dll
0x00007ffcb1d40000 - 0x00007ffcb1d7b000 	C:\WINDOWS\system32\IMM32.DLL
0x000000005c400000 - 0x000000005c4d2000 	C:\Program Files\Java\jdk1.8.0_92\jre\bin\msvcr100.dll
0x0000000059a20000 - 0x000000005a2b6000 	C:\Program Files\Java\jdk1.8.0_92\jre\bin\server\jvm.dll
0x00007ffcb0060000 - 0x00007ffcb0068000 	C:\WINDOWS\system32\PSAPI.DLL
0x00007ffca4350000 - 0x00007ffca4359000 	C:\WINDOWS\SYSTEM32\WSOCK32.dll
0x00007ffcac450000 - 0x00007ffcac45a000 	C:\WINDOWS\SYSTEM32\VERSION.dll
0x00007ffcad1b0000 - 0x00007ffcad1d3000 	C:\WINDOWS\SYSTEM32\WINMM.dll
0x00007ffcb2440000 - 0x00007ffcb24ab000 	C:\WINDOWS\system32\WS2_32.dll
0x00007ffcad180000 - 0x00007ffcad1ac000 	C:\WINDOWS\SYSTEM32\WINMMBASE.dll
0x00007ffcaef90000 - 0x00007ffcaefd3000 	C:\WINDOWS\system32\cfgmgr32.dll
0x000000005c3f0000 - 0x000000005c3ff000 	C:\Program Files\Java\jdk1.8.0_92\jre\bin\verify.dll
0x000000005c3c0000 - 0x000000005c3e9000 	C:\Program Files\Java\jdk1.8.0_92\jre\bin\java.dll
0x000000005c3a0000 - 0x000000005c3b6000 	C:\Program Files\Java\jdk1.8.0_92\jre\bin\zip.dll
0x00007ffcb04a0000 - 0x00007ffcb19fc000 	C:\WINDOWS\system32\SHELL32.dll
0x00007ffcaf370000 - 0x00007ffcaf9b4000 	C:\WINDOWS\system32\windows.storage.dll
0x00007ffcb1d80000 - 0x00007ffcb1dd2000 	C:\WINDOWS\system32\shlwapi.dll
0x00007ffcaebe0000 - 0x00007ffcaebef000 	C:\WINDOWS\system32\kernel.appcore.dll
0x00007ffcaefe0000 - 0x00007ffcaf095000 	C:\WINDOWS\system32\shcore.dll
0x00007ffcaec20000 - 0x00007ffcaec6b000 	C:\WINDOWS\system32\powrprof.dll
0x00007ffcaec00000 - 0x00007ffcaec14000 	C:\WINDOWS\system32\profapi.dll
0x000000005c350000 - 0x000000005c35d000 	C:\Program Files\Java\jdk1.8.0_92\jre\bin\management.dll
0x000000005c380000 - 0x000000005c39a000 	C:\Program Files\Java\jdk1.8.0_92\jre\bin\net.dll
0x00007ffcae4b0000 - 0x00007ffcae50c000 	C:\WINDOWS\system32\mswsock.dll
0x00007ffca3480000 - 0x00007ffca3496000 	C:\WINDOWS\system32\napinsp.dll
0x00007ffca1780000 - 0x00007ffca179a000 	C:\WINDOWS\system32\pnrpnsp.dll
0x00007ffcaaf10000 - 0x00007ffcaaf28000 	C:\WINDOWS\system32\NLAapi.dll
0x00007ffcad560000 - 0x00007ffcad60a000 	C:\WINDOWS\SYSTEM32\DNSAPI.dll
0x00007ffcaff80000 - 0x00007ffcaff88000 	C:\WINDOWS\system32\NSI.dll
0x00007ffca3470000 - 0x00007ffca347d000 	C:\WINDOWS\System32\winrnr.dll
0x00000000606d0000 - 0x00000000606f6000 	C:\Program Files\Bonjour\mdnsNSP.dll
0x00007ffca9280000 - 0x00007ffca92b8000 	C:\WINDOWS\SYSTEM32\Iphlpapi.DLL
0x00007ffca54f0000 - 0x00007ffca54fa000 	C:\Windows\System32\rasadhlp.dll
0x00007ffca8a60000 - 0x00007ffca8ac7000 	C:\WINDOWS\System32\fwpuclnt.dll
0x00007ffcae7e0000 - 0x00007ffcae809000 	C:\WINDOWS\SYSTEM32\bcrypt.dll
0x000000005c360000 - 0x000000005c371000 	C:\Program Files\Java\jdk1.8.0_92\jre\bin\nio.dll
0x00007ffcae560000 - 0x00007ffcae577000 	C:\WINDOWS\SYSTEM32\CRYPTSP.dll
0x00007ffcae1f0000 - 0x00007ffcae224000 	C:\WINDOWS\system32\rsaenh.dll
0x00007ffcae340000 - 0x00007ffcae35f000 	C:\WINDOWS\SYSTEM32\USERENV.dll
0x00007ffcae6e0000 - 0x00007ffcae6eb000 	C:\WINDOWS\SYSTEM32\CRYPTBASE.dll
0x00007ffca8950000 - 0x00007ffca8966000 	C:\WINDOWS\SYSTEM32\dhcpcsvc6.DLL
0x00007ffca8930000 - 0x00007ffca894a000 	C:\WINDOWS\SYSTEM32\dhcpcsvc.DLL

VM Arguments:
java_command: ca.uqam.projet.Application
java_class_path (initial): D:\Documents\NetBeansProjects\FoodTruckLocator\target\classes;C:\Users\gcoll_000\.m2\repository\org\springframework\boot\spring-boot-starter-web\1.3.5.RELEASE\spring-boot-starter-web-1.3.5.RELEASE.jar;C:\Users\gcoll_000\.m2\repository\org\springframework\boot\spring-boot-starter\1.3.5.RELEASE\spring-boot-starter-1.3.5.RELEASE.jar;C:\Users\gcoll_000\.m2\repository\org\springframework\boot\spring-boot-starter-logging\1.3.5.RELEASE\spring-boot-starter-logging-1.3.5.RELEASE.jar;C:\Users\gcoll_000\.m2\repository\ch\qos\logback\logback-classic\1.1.7\logback-classic-1.1.7.jar;C:\Users\gcoll_000\.m2\repository\ch\qos\logback\logback-core\1.1.7\logback-core-1.1.7.jar;C:\Users\gcoll_000\.m2\repository\org\slf4j\jcl-over-slf4j\1.7.21\jcl-over-slf4j-1.7.21.jar;C:\Users\gcoll_000\.m2\repository\org\slf4j\jul-to-slf4j\1.7.21\jul-to-slf4j-1.7.21.jar;C:\Users\gcoll_000\.m2\repository\org\slf4j\log4j-over-slf4j\1.7.21\log4j-over-slf4j-1.7.21.jar;C:\Users\gcoll_000\.m2\repository\org\springframework\spring-core\4.2.6.RELEASE\spring-core-4.2.6.RELEASE.jar;C:\Users\gcoll_000\.m2\repository\org\yaml\snakeyaml\1.16\snakeyaml-1.16.jar;C:\Users\gcoll_000\.m2\repository\org\springframework\boot\spring-boot-starter-tomcat\1.3.5.RELEASE\spring-boot-starter-tomcat-1.3.5.RELEASE.jar;C:\Users\gcoll_000\.m2\repository\org\apache\tomcat\embed\tomcat-embed-core\8.0.33\tomcat-embed-core-8.0.33.jar;C:\Users\gcoll_000\.m2\repository\org\apache\tomcat\embed\tomcat-embed-el\8.0.33\tomcat-embed-el-8.0.33.jar;C:\Users\gcoll_000\.m2\repository\org\apache\tomcat\embed\tomcat-embed-logging-juli\8.0.33\tomcat-embed-logging-juli-8.0.33.jar;C:\Users\gcoll_000\.m2\repository\org\apache\tomcat\embed\tomcat-embed-websocket\8.0.33\tomcat-embed-websocket-8.0.33.jar;C:\Users\gcoll_000\.m2\repository\org\springframework\boot\spring-boot-starter-validation\1.3.5.RELEASE\spring-boot-starter-validation-1.3.5.RELEASE.jar;C:\Users\gcoll_000\.m2\repository\org\hibernate\hibernate-validator\5.2.4
Launcher Type: SUN_STANDARD

Environment Variables:
JAVA_HOME=C:\Program Files\Java\jdk1.8.0_92
PATH=C:\ProgramData\Oracle\Java\javapath;C:\Program Files\Haskell\bin;C:\Program Files\Haskell Platform\2014.2.0.0\lib\extralibs\bin;C:\Program Files\Haskell Platform\2014.2.0.0\bin;C:\Program Files (x86)\NVIDIA Corporation\PhysX\Common;C:\Program Files (x86)\Intel\iCLS Client\;C:\Program Files\Intel\iCLS Client\;C:\WINDOWS\system32;C:\WINDOWS;C:\WINDOWS\System32\Wbem;C:\WINDOWS\System32\WindowsPowerShell\v1.0\;C:\Program Files (x86)\Windows Live\Shared;C:\Program Files\Intel\Intel(R) Management Engine Components\DAL;C:\Program Files\Intel\Intel(R) Management Engine Components\IPT;C:\Program Files (x86)\Intel\Intel(R) Management Engine Components\DAL;C:\Program Files (x86)\Intel\Intel(R) Management Engine Components\IPT;C:\Program Files (x86)\Druide\Antidote 7\Programmes32;C:\Program Files (x86)\Druide\Antidote 7\Programmes64;C:\Program Files\Haskell Platform\2014.2.0.0\mingw\bin;C:\Program Files (x86)\Skype\Phone\;C:\Program Files (x86)\QuickTime\QTSystem\;C:\Users\gcoll_000\AppData\Roaming\cabal\bin;C:\Program Files (x86)\Apache Software Foundation\apache-maven-3.2.3\bin
USERNAME=gcoll_000
OS=Windows_NT
PROCESSOR_IDENTIFIER=Intel64 Family 6 Model 58 Stepping 9, GenuineIntel



---------------  S Y S T E M  ---------------

OS: Windows 10.0 , 64 bit Build 10586 (10.0.10586.0)

CPU:total 4 (4 cores per cpu, 1 threads per core) family 6 model 58 stepping 9, cmov, cx8, fxsr, mmx, sse, sse2, sse3, ssse3, sse4.1, sse4.2, popcnt, avx, aes, clmul, erms, tsc, tscinvbit, tscinv

Memory: 4k page, physical 10420624k(2212960k free), swap 15630292k(5640k free)

vm_info: Java HotSpot(TM) 64-Bit Server VM (25.92-b14) for windows-amd64 JRE (1.8.0_92-b14), built on Mar 31 2016 21:03:04 by "java_re" with MS VC++ 10.0 (VS2010)

time: Fri May 27 17:21:53 2016
elapsed time: 74 seconds (0d 0h 1m 14s)

